{"/home/bogdan/projects/algs-poetry/lab1/reduceRec.ts": {"path":"/home/bogdan/projects/algs-poetry/lab1/reduceRec.ts","statementMap":{"0":{"start":{"line":6,"column":4},"end":{"line":6,"column":58}}},"fnMap":{"0":{"name":"reduceRec","decl":{"start":{"line":1,"column":9},"end":{"line":1,"column":18}},"loc":{"start":{"line":5,"column":5},"end":{"line":7,"column":1}},"line":5}},"branchMap":{},"s":{"0":6},"f":{"0":6},"b":{},"_coverageSchema":"1a1c01bbd47fc00a2c39e90264f33305004495a9","hash":"013414963a6c12f75b52a6a6801ea26f146e3635"}
,"/home/bogdan/projects/algs-poetry/lab1/mealyMachine/mealyMachine.ts": {"path":"/home/bogdan/projects/algs-poetry/lab1/mealyMachine/mealyMachine.ts","statementMap":{"0":{"start":{"line":5,"column":17},"end":{"line":5,"column":26}},"1":{"start":{"line":10,"column":44},"end":{"line":10,"column":46}},"2":{"start":{"line":11,"column":30},"end":{"line":26,"column":9}},"3":{"start":{"line":13,"column":68},"end":{"line":25,"column":13}},"4":{"start":{"line":15,"column":56},"end":{"line":24,"column":17}},"5":{"start":{"line":28,"column":8},"end":{"line":28,"column":28}},"6":{"start":{"line":30,"column":8},"end":{"line":36,"column":10}},"7":{"start":{"line":31,"column":12},"end":{"line":34,"column":13}},"8":{"start":{"line":35,"column":12},"end":{"line":35,"column":39}},"9":{"start":{"line":38,"column":8},"end":{"line":38,"column":21}},"10":{"start":{"line":41,"column":4},"end":{"line":43,"column":5}}},"fnMap":{"0":{"name":"createMealyMachine","decl":{"start":{"line":4,"column":9},"end":{"line":4,"column":27}},"loc":{"start":{"line":4,"column":46},"end":{"line":44,"column":1}},"line":4},"1":{"name":"toMoore","decl":{"start":{"line":9,"column":13},"end":{"line":9,"column":20}},"loc":{"start":{"line":9,"column":30},"end":{"line":39,"column":5}},"line":9},"2":{"name":"(anonymous_2)","decl":{"start":{"line":13,"column":43},"end":{"line":13,"column":44}},"loc":{"start":{"line":13,"column":68},"end":{"line":25,"column":13}},"line":13},"3":{"name":"(anonymous_3)","decl":{"start":{"line":15,"column":41},"end":{"line":15,"column":42}},"loc":{"start":{"line":15,"column":56},"end":{"line":24,"column":17}},"line":15},"4":{"name":"(anonymous_4)","decl":{"start":{"line":30,"column":24},"end":{"line":30,"column":25}},"loc":{"start":{"line":30,"column":45},"end":{"line":36,"column":9}},"line":30}},"branchMap":{"0":{"loc":{"start":{"line":33,"column":29},"end":{"line":33,"column":67}},"type":"binary-expr","locations":[{"start":{"line":33,"column":29},"end":{"line":33,"column":61}},{"start":{"line":33,"column":65},"end":{"line":33,"column":67}}],"line":33}},"s":{"0":1,"1":1,"2":1,"3":2,"4":1,"5":1,"6":1,"7":1,"8":1,"9":1,"10":1},"f":{"0":1,"1":1,"2":2,"3":1,"4":1},"b":{"0":[1,1]},"_coverageSchema":"1a1c01bbd47fc00a2c39e90264f33305004495a9","hash":"2ec1a36a316b85f149f4c7eaec16772395e7b491"}
,"/home/bogdan/projects/algs-poetry/lab1/mooreMachine/mooreMachine.ts": {"path":"/home/bogdan/projects/algs-poetry/lab1/mooreMachine/mooreMachine.ts","statementMap":{"0":{"start":{"line":5,"column":17},"end":{"line":5,"column":26}},"1":{"start":{"line":7,"column":20},"end":{"line":19,"column":6}},"2":{"start":{"line":7,"column":34},"end":{"line":19,"column":5}},"3":{"start":{"line":9,"column":69},"end":{"line":18,"column":9}},"4":{"start":{"line":11,"column":69},"end":{"line":17,"column":13}},"5":{"start":{"line":21,"column":4},"end":{"line":23,"column":5}}},"fnMap":{"0":{"name":"createMooreMachine","decl":{"start":{"line":4,"column":9},"end":{"line":4,"column":27}},"loc":{"start":{"line":4,"column":46},"end":{"line":24,"column":1}},"line":4},"1":{"name":"(anonymous_1)","decl":{"start":{"line":7,"column":20},"end":{"line":7,"column":21}},"loc":{"start":{"line":7,"column":34},"end":{"line":19,"column":5}},"line":7},"2":{"name":"(anonymous_2)","decl":{"start":{"line":9,"column":39},"end":{"line":9,"column":40}},"loc":{"start":{"line":9,"column":69},"end":{"line":18,"column":9}},"line":9},"3":{"name":"(anonymous_3)","decl":{"start":{"line":11,"column":54},"end":{"line":11,"column":55}},"loc":{"start":{"line":11,"column":69},"end":{"line":17,"column":13}},"line":11}},"branchMap":{},"s":{"0":1,"1":1,"2":1,"3":2,"4":1,"5":1},"f":{"0":1,"1":1,"2":2,"3":1},"b":{},"_coverageSchema":"1a1c01bbd47fc00a2c39e90264f33305004495a9","hash":"33aed3f70325fd9500851811f6cf096cc9b39d39"}
}
