{"/home/bogdan/projects/algs-poetry/lab1/mooreMachine.ts": {"path":"/home/bogdan/projects/algs-poetry/lab1/mooreMachine.ts","statementMap":{"0":{"start":{"line":8,"column":4},"end":{"line":8,"column":47}},"1":{"start":{"line":12,"column":17},"end":{"line":12,"column":26}},"2":{"start":{"line":14,"column":20},"end":{"line":26,"column":6}},"3":{"start":{"line":14,"column":34},"end":{"line":26,"column":5}},"4":{"start":{"line":16,"column":69},"end":{"line":25,"column":9}},"5":{"start":{"line":18,"column":69},"end":{"line":24,"column":13}},"6":{"start":{"line":28,"column":4},"end":{"line":30,"column":5}}},"fnMap":{"0":{"name":"reduceRec","decl":{"start":{"line":3,"column":9},"end":{"line":3,"column":18}},"loc":{"start":{"line":7,"column":5},"end":{"line":9,"column":1}},"line":7},"1":{"name":"createMooreMachine","decl":{"start":{"line":11,"column":9},"end":{"line":11,"column":27}},"loc":{"start":{"line":11,"column":46},"end":{"line":31,"column":1}},"line":11},"2":{"name":"(anonymous_2)","decl":{"start":{"line":14,"column":20},"end":{"line":14,"column":21}},"loc":{"start":{"line":14,"column":34},"end":{"line":26,"column":5}},"line":14},"3":{"name":"(anonymous_3)","decl":{"start":{"line":16,"column":39},"end":{"line":16,"column":40}},"loc":{"start":{"line":16,"column":69},"end":{"line":25,"column":9}},"line":16},"4":{"name":"(anonymous_4)","decl":{"start":{"line":18,"column":54},"end":{"line":18,"column":55}},"loc":{"start":{"line":18,"column":69},"end":{"line":24,"column":13}},"line":18}},"branchMap":{},"s":{"0":3,"1":1,"2":1,"3":1,"4":2,"5":1,"6":1},"f":{"0":3,"1":1,"2":1,"3":2,"4":1},"b":{},"_coverageSchema":"1a1c01bbd47fc00a2c39e90264f33305004495a9","hash":"070b9c0a2a48fe5679c3a50f4285f047a97a1e0c"}
}
