TN:
SF:lab1/reduceRec.ts
FN:1,reduceRec
FNF:1
FNH:1
FNDA:6,reduceRec
DA:6,6
LF:1
LH:1
BRF:0
BRH:0
end_of_record
TN:
SF:lab1/mealyMachine/mealyMachine.ts
FN:4,createMealyMachine
FN:9,toMoore
FN:13,(anonymous_2)
FN:15,(anonymous_3)
FN:30,(anonymous_4)
FNF:5
FNH:5
FNDA:1,createMealyMachine
FNDA:1,toMoore
FNDA:2,(anonymous_2)
FNDA:1,(anonymous_3)
FNDA:1,(anonymous_4)
DA:5,1
DA:10,1
DA:11,1
DA:13,2
DA:15,1
DA:28,1
DA:30,1
DA:31,1
DA:35,1
DA:38,1
DA:41,1
LF:11
LH:11
BRDA:33,0,0,1
BRDA:33,0,1,1
BRF:2
BRH:2
end_of_record
TN:
SF:lab1/mooreMachine/mooreMachine.ts
FN:4,createMooreMachine
FN:7,(anonymous_1)
FN:9,(anonymous_2)
FN:11,(anonymous_3)
FNF:4
FNH:4
FNDA:1,createMooreMachine
FNDA:1,(anonymous_1)
FNDA:2,(anonymous_2)
FNDA:1,(anonymous_3)
DA:5,1
DA:7,1
DA:9,2
DA:11,1
DA:21,1
LF:5
LH:5
BRF:0
BRH:0
end_of_record
